This is pdfeTeX, Version 3.141592-1.21a-2.2 (Web2C 7.5.4) (format=latex 2010.11.4)  31 MAR 2011 11:02
entering extended mode
**Final.tex
(./Final.tex
LaTeX2e <2003/12/01>
Babel <v3.8d> and hyphenation patterns for american, british, french, german, n
german, bahasa, basque, bulgarian, catalan, croatian, czech, danish, dutch, esp
eranto, estonian, finnish, greek, icelandic, irish, italian, latin, magyar, nor
sk, polish, portuges, romanian, russian, serbian, slovak, slovene, spanish, swe
dish, turkish, ukrainian, nohyphenation, loaded.
(/usr/share/texmf/tex/latex/base/article.cls
Document Class: article 2004/02/16 v1.4f Standard LaTeX document class
(/usr/share/texmf/tex/latex/base/size11.clo
File: size11.clo 2004/02/16 v1.4f Standard LaTeX file (size option)
)
\c@part=\count79
\c@section=\count80
\c@subsection=\count81
\c@subsubsection=\count82
\c@paragraph=\count83
\c@subparagraph=\count84
\c@figure=\count85
\c@table=\count86
\abovecaptionskip=\skip41
\belowcaptionskip=\skip42
\bibindent=\dimen102
)
(/usr/share/texmf/tex/latex/setspace/setspace.sty
Package: setspace 2000/12/01 6.7 Contributed and Supported LaTeX2e package

Package: `setspace' 6.7 <2000/12/01>
) (/usr/share/texmf/tex/latex/geometry/geometry.sty
Package: geometry 2002/07/08 v3.2 Page Geometry

(/usr/share/texmf/tex/latex/graphics/keyval.sty
Package: keyval 1999/03/16 v1.13 key=value parser (DPC)
\KV@toks@=\toks14
)
\Gm@cnth=\count87
\Gm@cntv=\count88
\c@Gm@tempcnt=\count89
\Gm@bindingoffset=\dimen103
\Gm@wd@mp=\dimen104
\Gm@odd@mp=\dimen105
\Gm@even@mp=\dimen106
\Gm@dimlist=\toks15

(/usr/share/texmf/tex/latex/geometry/geometry.cfg))
(/usr/share/texmf/tex/latex/html/url.sty
Package: url 1999/03/02  ver 1.4  Verb mode for urls, email addresses, and file
 names
)
(/usr/share/texmf/tex/latex/graphics/graphicx.sty
Package: graphicx 1999/02/16 v1.0f Enhanced LaTeX Graphics (DPC,SPQR)

(/usr/share/texmf/tex/latex/graphics/graphics.sty
Package: graphics 2001/07/07 v1.0n Standard LaTeX Graphics (DPC,SPQR)

(/usr/share/texmf/tex/latex/graphics/trig.sty
Package: trig 1999/03/16 v1.09 sin cos tan (DPC)
)
(/usr/share/texmf/tex/latex/graphics/graphics.cfg
File: graphics.cfg 2005/02/03 v1.3 graphics configuration of teTeX/TeXLive
)
Package graphics Info: Driver file: dvips.def on input line 80.

(/usr/share/texmf/tex/latex/graphics/dvips.def
File: dvips.def 1999/02/16 v3.0i Driver-dependant file (DPC,SPQR)
))
\Gin@req@height=\dimen107
\Gin@req@width=\dimen108
)
(/usr/share/texmf/tex/latex/paralist/paralist.sty
Package: paralist 2002/03/18 v2.3b Extended list environments (BS)
\pltopsep=\skip43
\plpartopsep=\skip44
\plitemsep=\skip45
\plparsep=\skip46
\pl@lab=\toks16
)
(/usr/share/texmf/tex/latex/amsmath/amsmath.sty
Package: amsmath 2000/07/18 v2.13 AMS math features
\@mathmargin=\skip47

For additional information on amsmath, use the `?' option.
(/usr/share/texmf/tex/latex/amsmath/amstext.sty
Package: amstext 2000/06/29 v2.01

(/usr/share/texmf/tex/latex/amsmath/amsgen.sty
File: amsgen.sty 1999/11/30 v2.0
\@emptytoks=\toks17
\ex@=\dimen109
))
(/usr/share/texmf/tex/latex/amsmath/amsbsy.sty
Package: amsbsy 1999/11/29 v1.2d
\pmbraise@=\dimen110
)
(/usr/share/texmf/tex/latex/amsmath/amsopn.sty
Package: amsopn 1999/12/14 v2.01 operator names
)
\inf@bad=\count90
LaTeX Info: Redefining \frac on input line 211.
\uproot@=\count91
\leftroot@=\count92
LaTeX Info: Redefining \overline on input line 307.
\classnum@=\count93
\DOTSCASE@=\count94
LaTeX Info: Redefining \ldots on input line 379.
LaTeX Info: Redefining \dots on input line 382.
LaTeX Info: Redefining \cdots on input line 467.
\Mathstrutbox@=\box26
\strutbox@=\box27
\big@size=\dimen111
LaTeX Font Info:    Redeclaring font encoding OML on input line 567.
LaTeX Font Info:    Redeclaring font encoding OMS on input line 568.
\macc@depth=\count95
\c@MaxMatrixCols=\count96
\dotsspace@=\muskip10
\c@parentequation=\count97
\dspbrk@lvl=\count98
\tag@help=\toks18
\row@=\count99
\column@=\count100
\maxfields@=\count101
\andhelp@=\toks19
\eqnshift@=\dimen112
\alignsep@=\dimen113
\tagshift@=\dimen114
\tagwidth@=\dimen115
\totwidth@=\dimen116
\lineht@=\dimen117
\@envbody=\toks20
\multlinegap=\skip48
\multlinetaggap=\skip49
\mathdisplay@stack=\toks21
LaTeX Info: Redefining \[ on input line 2666.
LaTeX Info: Redefining \] on input line 2667.
)
(/usr/share/texmf/tex/latex/amsfonts/amssymb.sty
Package: amssymb 2002/01/22 v2.2d

(/usr/share/texmf/tex/latex/amsfonts/amsfonts.sty
Package: amsfonts 2001/10/25 v2.2f
\symAMSa=\mathgroup4
\symAMSb=\mathgroup5
LaTeX Font Info:    Overwriting math alphabet `\mathfrak' in version `bold'
(Font)                  U/euf/m/n --> U/euf/b/n on input line 132.
))
(/usr/share/texmf/tex/latex/hyperref/hyperref.sty
Package: hyperref 2003/11/30 v6.74m Hypertext links for LaTeX
\@linkdim=\dimen118
\Hy@linkcounter=\count102
\Hy@pagecounter=\count103

(/usr/share/texmf/tex/latex/hyperref/pd1enc.def
File: pd1enc.def 2003/11/30 v6.74m Hyperref: PDFDocEncoding definition (HO)
)
(/usr/share/texmf/tex/latex/hyperref/hyperref.cfg
File: hyperref.cfg 2002/06/06 v1.2 hyperref configuration of TeXLive and teTeX
)
Package hyperref Info: Hyper figures OFF on input line 1880.
Package hyperref Info: Link nesting OFF on input line 1885.
Package hyperref Info: Hyper index ON on input line 1888.
Package hyperref Info: Plain pages ON on input line 1893.
Package hyperref Info: Backreferencing OFF on input line 1900.

Implicit mode ON; LaTeX internals redefined
Package hyperref Info: Bookmarks ON on input line 2004.
LaTeX Info: Redefining \url on input line 2143.
\Fld@menulength=\count104
\Field@Width=\dimen119
\Fld@charsize=\dimen120
\Choice@toks=\toks22
\Field@toks=\toks23
Package hyperref Info: Hyper figures OFF on input line 2618.
Package hyperref Info: Link nesting OFF on input line 2623.
Package hyperref Info: Hyper index ON on input line 2626.
Package hyperref Info: backreferencing OFF on input line 2633.
Package hyperref Info: Link coloring OFF on input line 2638.
\c@Item=\count105
\c@Hfootnote=\count106
)
*hyperref using default driver hdvips*
(/usr/share/texmf/tex/latex/hyperref/hdvips.def
File: hdvips.def 2003/11/30 v6.74m Hyperref driver for dvips

(/usr/share/texmf/tex/latex/hyperref/pdfmark.def
File: pdfmark.def 2003/11/30 v6.74m Hyperref definitions for pdfmark specials
\pdf@docset=\toks24
\pdf@box=\box28
\pdf@toks=\toks25
\pdf@defaulttoks=\toks26
\Fld@listcount=\count107
\@outlinefile=\write3
))
(/usr/share/texmf/tex/latex/multirow/multirow.sty
\bigstrutjot=\dimen121
)
(/usr/share/texmf/tex/latex/amscls/amsthm.sty
Package: amsthm 2004/08/06 v2.20
\thm@style=\toks27
\thm@bodyfont=\toks28
\thm@headfont=\toks29
\thm@notefont=\toks30
\thm@headpunct=\toks31
\thm@preskip=\skip50
\thm@postskip=\skip51
\thm@headsep=\skip52
\dth@everypar=\toks32
)
(/usr/share/texmf/tex/latex/mdwtools/mdwlist.sty
Package: mdwlist 1996/05/02 1.1 Various list-related things
)
(/usr/share/texmf/tex/latex/listings/listings.sty
\lst@mode=\count108
\lst@gtempboxa=\box29
\lst@token=\toks33
\lst@length=\count109
\lst@currlwidth=\dimen122
\lst@column=\count110
\lst@pos=\count111
\lst@lostspace=\dimen123
\lst@width=\dimen124
\lst@newlines=\count112
\lst@lineno=\count113
\c@lstlisting=\count114
\lst@maxwidth=\dimen125

(/usr/share/texmf/tex/latex/listings/lstpatch.sty
File: lstpatch.sty 2004/10/17 1.3b (Carsten Heinz)
)
(/usr/share/texmf/tex/latex/listings/lstmisc.sty
File: lstmisc.sty 2004/09/07 1.3 (Carsten Heinz)
\c@lstnumber=\count115
\lst@skipnumbers=\count116
\lst@framebox=\box30
)
(/usr/share/texmf/tex/latex/listings/listings.cfg
File: listings.cfg 2004/09/05 1.3 listings configuration
))
Package: listings 2004/10/17 1.3b (Carsten Heinz)

(/usr/share/texmf/tex/latex/graphics/color.sty
Package: color 1999/02/16 v1.0i Standard LaTeX Color (DPC)

(/usr/share/texmf/tex/latex/graphics/color.cfg
File: color.cfg 2005/02/03 v1.3 color configuration of teTeX/TeXLive
)
Package color Info: Driver file: dvips.def on input line 125.

(/usr/share/texmf/tex/latex/graphics/dvipsnam.def
File: dvipsnam.def 1999/02/16 v3.0i Driver-dependant file (DPC,SPQR)
))
(/usr/share/texmf/tex/latex/float/float.sty
Package: float 2001/11/08 v1.3d Float enhancements (AL)
\c@float@type=\count117
\float@exts=\toks34
\float@box=\box31
\@float@everytoks=\toks35
\@floatcapt=\box32
)
(/usr/share/texmf/tex/latex/listings/lstlang1.sty
File: lstlang1.sty 2004/09/05 1.3 listings language file
)
\c@definition=\count118
\c@corollary=\count119
 (./Final.aux)
\openout1 = `Final.aux'.

LaTeX Font Info:    Checking defaults for OML/cmm/m/it on input line 38.
LaTeX Font Info:    ... okay on input line 38.
LaTeX Font Info:    Checking defaults for T1/cmr/m/n on input line 38.
LaTeX Font Info:    ... okay on input line 38.
LaTeX Font Info:    Checking defaults for OT1/cmr/m/n on input line 38.
LaTeX Font Info:    ... okay on input line 38.
LaTeX Font Info:    Checking defaults for OMS/cmsy/m/n on input line 38.
LaTeX Font Info:    ... okay on input line 38.
LaTeX Font Info:    Checking defaults for OMX/cmex/m/n on input line 38.
LaTeX Font Info:    ... okay on input line 38.
LaTeX Font Info:    Checking defaults for U/cmr/m/n on input line 38.
LaTeX Font Info:    ... okay on input line 38.
LaTeX Font Info:    Checking defaults for PD1/pdf/m/n on input line 38.
LaTeX Font Info:    ... okay on input line 38.
-------------------- Geometry parameters
paper: a4paper
landscape: --
twocolumn: --
twoside: --
asymmetric: --
h-parts: 89.62709pt, 0.7\paperwidth , 89.6271pt (default)
v-parts: 101.40665pt, 0.7\paperheight , 152.11pt (default)
hmarginratio: 1:1
vmarginratio: 2:3
lines: --
heightrounded: --
bindingoffset: 0.0pt
truedimen: --
includehead: --
includefoot: --
includemp: --
driver: 
-------------------- Page layout dimensions and switches
\paperwidth  597.50787pt
\paperheight 845.04684pt
\textwidth  418.25368pt
\textheight 591.5302pt
\oddsidemargin  17.3571pt
\evensidemargin 17.3571pt
\topmargin  -7.86334pt
\headheight 12.0pt
\headsep    25.0pt
\footskip   30.0pt
\marginparwidth 59.0pt
\marginparsep   10.0pt
\columnsep  10.0pt
\skip\footins  10.0pt plus 4.0pt minus 2.0pt
\hoffset 0.0pt
\voffset 0.0pt
\mag 1000

(1in=72.27pt, 1cm=28.45pt)
-----------------------
Package hyperref Info: Link coloring OFF on input line 38.

(/usr/share/texmf/tex/latex/hyperref/nameref.sty
Package: nameref 2003/12/03 v2.21 Cross-referencing by name of section
\c@section@level=\count120
)
LaTeX Info: Redefining \ref on input line 38.
LaTeX Info: Redefining \pageref on input line 38.
 (./Final.out) (./Final.out)
\openout3 = `Final.out'.

LaTeX Font Info:    Try loading font information for U+msa on input line 64.

(/usr/share/texmf/tex/latex/amsfonts/umsa.fd
File: umsa.fd 2002/01/19 v2.2g AMS font definitions
)
LaTeX Font Info:    Try loading font information for U+msb on input line 64.

(/usr/share/texmf/tex/latex/amsfonts/umsb.fd
File: umsb.fd 2002/01/19 v2.2g AMS font definitions
) [1

]
Underfull \hbox (badness 10000) in paragraph at lines 100--104

 []

[1] (./Final.toc [2] [3])
\tf@toc=\write4
\openout4 = `Final.toc'.

 [4]
Underfull \hbox (badness 10000) in paragraph at lines 138--138
[][][]\OT1/cmr/m/n/9 For more in-for-ma-tion, there is a very de-tailed wiki th
at con-tains the ma-jor-ity
 []


Underfull \hbox (badness 7963) in paragraph at lines 138--138
\OT1/cmr/m/n/9 of the com-plex-ity classes as well as ex-am-ple prob-lems and o
ther use-ful in-for-ma-tion:
 []

[5] [6]
LaTeX Font Info:    Try loading font information for OMS+cmr on input line 225.

 (/usr/share/texmf/tex/latex/base/omscmr.fd
File: omscmr.fd 1999/05/25 v2.5h Standard LaTeX font definitions
)
LaTeX Font Info:    Font shape `OMS/cmr/m/n' in size <10.95> not available
(Font)              Font shape `OMS/cmsy/m/n' tried instead on input line 225.
 [7] [8] [9] [10] [11]
[12] [13]
Missing character: There is no â in font cmr10!
Missing character: There is no € in font cmr10!
Missing character: There is no ™ in font cmr10!
Missing character: There is no â in font cmr10!
Missing character: There is no € in font cmr10!
 [14] [15] [16] [17] [18] [19]
File: Figures/mono.eps Graphic file (type eps)
 <Figures/mono.eps> [20] [21]
File: Figures/wrong.eps Graphic file (type eps)

<Figures/wrong.eps>
File: Figures/right.eps Graphic file (type eps)
 <Figures/right.eps>
Overfull \hbox (19.09302pt too wide) in paragraph at lines 969--982
[][]   [] 
 []

[22] [23]
Overfull \hbox (38.26094pt too wide) in paragraph at lines 1045--1054
[][]
 []


Overfull \hbox (73.20744pt too wide) in paragraph at lines 1059--1067
[][]
 []


Overfull \hbox (9.37337pt too wide) in paragraph at lines 1075--1078
\OT1/cmr/m/n/10.95 at [][][][]. These
 []

[24]
Overfull \hbox (38.26094pt too wide) in paragraph at lines 1093--1102
[][]
 []


Overfull \hbox (79.03186pt too wide) in paragraph at lines 1107--1115
[][]
 []

[25]
File: Figures/plot1Res.eps Graphic file (type eps)
 <Figures/plot1Res.eps>
Overfull \hbox (43.81705pt too wide) in paragraph at lines 1139--1140
 [][] 
 []

File: Figures/plot2Res.eps Graphic file (type eps)
<Figures/plot2Res.eps>
Overfull \hbox (43.81705pt too wide) in paragraph at lines 1144--1145
 [][] 
 []


Overfull \hbox (27.62894pt too wide) in paragraph at lines 1137--1146
[][]   []
 []

File: Figures/plot1Time.eps Graphic file (type eps)
<Figures/plot1Time.eps>
Overfull \hbox (43.81705pt too wide) in paragraph at lines 1153--1154
[][] 
 []

File: Figures/plot2Time.eps Graphic file (type eps)
<Figures/plot2Time.eps>
Overfull \hbox (43.81705pt too wide) in paragraph at lines 1158--1159
 [][] 
 []


Overfull \hbox (27.62894pt too wide) in paragraph at lines 1152--1160
[][]   []
 []

[26] [27]
Overfull \hbox (12.93198pt too wide) in paragraph at lines 1239--1241
[]\OT1/cmr/m/n/10.95 This it-er-ates over the en-tirety of the list, but only s
e-quen-tially, so we have $\OML/cmm/m/it/10.95 PreProc\OT1/cmr/m/n/10.95 (\OML/
cmm/m/it/10.95 G\OT1/cmr/m/n/10.95 ) \OMS/cmsy/m/n/10.95 2
 []

[28] [29] [30] [31]
File: Figures/annFig.ps Graphic file (type eps)
 <Figures/annFig.ps>
File: Figures/Training5.eps Graphic file (type eps)
 <Figures/Training5.eps> [32] [33]
Overfull \hbox (49.21095pt too wide) in paragraph at lines 1506--1515
[][]
 []


Overfull \hbox (49.21095pt too wide) in paragraph at lines 1520--1529
[][]
 []


Overfull \hbox (49.21095pt too wide) in paragraph at lines 1536--1545
[][]
 []

[34]
Overfull \hbox (49.21095pt too wide) in paragraph at lines 1550--1559
[][]
 []

File: Figures/vertProcPer1.eps Graphic file (type eps)
<Figures/vertProcPer1.eps>
Overfull \hbox (43.81705pt too wide) in paragraph at lines 1578--1579
 [][] 
 []

File: Figures/vertProcPer2.eps Graphic file (type eps)
<Figures/vertProcPer2.eps>
Overfull \hbox (43.81705pt too wide) in paragraph at lines 1583--1584
 [][] 
 []


Overfull \hbox (27.62894pt too wide) in paragraph at lines 1576--1585
[][]   []
 []

File: Figures/edgeProcPer1.eps Graphic file (type eps)
<Figures/edgeProcPer1.eps>
Overfull \hbox (43.81705pt too wide) in paragraph at lines 1592--1593
 [][] 
 []

File: Figures/edgeProcPer2.eps Graphic file (type eps)
<Figures/edgeProcPer2.eps>
Overfull \hbox (43.81705pt too wide) in paragraph at lines 1597--1598
 [][] 
 []


Overfull \hbox (27.62894pt too wide) in paragraph at lines 1590--1599
[][]   []
 []

File: Figures/annTimes1.eps Graphic file (type eps)
<Figures/annTimes1.eps>
Overfull \hbox (43.81705pt too wide) in paragraph at lines 1618--1619
 [][] 
 []

File: Figures/annTimes2.eps Graphic file (type eps)
<Figures/annTimes2.eps>
Overfull \hbox (43.81705pt too wide) in paragraph at lines 1623--1624
 [][] 
 []


Overfull \hbox (27.62894pt too wide) in paragraph at lines 1616--1627
[][]   []
 []

[35] [36] [37] [38]
Overfull \hbox (40.42056pt too wide) in paragraph at lines 1736--1742
[][]
 []


Overfull \hbox (40.42056pt too wide) in paragraph at lines 1747--1753
[][]
 []

File: Figures/Hybrid1.eps Graphic file (type eps)
<Figures/Hybrid1.eps>
File: Figures/Hybrid2.eps Graphic file (type eps)
 <Figures/Hybrid2.eps>
Overfull \hbox (2.43332pt too wide) in paragraph at lines 1759--1768
[][]  []
 []

[39] [40] [41] [42] [43] [44]
Overfull \hbox (53.13872pt too wide) in paragraph at lines 1976--1976
[]         \OT1/cmtt/m/n/10.95 bash-3.2$ git clone git://github.com/Chavyneebsl
od/Dissertation-Final.git[] 
 []


Overfull \hbox (99.46515pt too wide) in paragraph at lines 1977--1978
\OT1/cmr/m/n/10.95 It is also on my per-sonal page lo-cated at: [][][][]. 
 []

[45]
Overfull \hbox (214.10197pt too wide) in paragraph at lines 2014--2014
[]        \OT1/cmtt/m/n/10.95 All of these options are explained in the Dissert
ation and all output is directed here where possible.[] 
 []

[46] [47]
File: Figures/perceptr.eps Graphic file (type eps)
 <Figures/perceptr.eps> [48] [49] [50] [51]
Missing character: There is no â in font cmr10!
Missing character: There is no € in font cmr10!

Overfull \hbox (27.63878pt too wide) in paragraph at lines 2312--2316
\OT1/cmr/m/n/10.95 volved. An in-ter-ested reader can read the sep-a-rately pro
-duced orig-i-nal pa-pers [[]][[]]
 []

[52]
File: Figures/PResults60-0.2.ps Graphic file (type eps)
 <Figures/PResults60-0.2.ps>
File: Figures/PResults60-0.3.ps Graphic file (type eps)
 <Figures/PResults60-0.3.ps> [53]
File: Figures/PResults60-0.4.ps Graphic file (type eps)

<Figures/PResults60-0.4.ps>
File: Figures/PResults60-0.5.ps Graphic file (type eps)
 <Figures/PResults60-0.5.ps> [54]
File: Figures/PResults60-0.6.ps Graphic file (type eps)

<Figures/PResults60-0.6.ps>
File: Figures/PResults60-0.7.ps Graphic file (type eps)
 <Figures/PResults60-0.7.ps> [55]
File: Figures/PResults60-0.8.ps Graphic file (type eps)

<Figures/PResults60-0.8.ps>
File: Figures/PResults60-0.9.ps Graphic file (type eps)
 <Figures/PResults60-0.9.ps> [56] (./Final.bbl
[57]
Missing character: There is no Ã in font cmr10!
Missing character: There is no ¡ in font cmr10!
 [58]
Missing character: There is no Ã in font cmr10!
Missing character: There is no © in font cmr10!
Missing character: There is no Ã in font cmr10!
Missing character: There is no ¡ in font cmr10!
Missing character: There is no â in font cmr10!
Missing character: There is no € in font cmr10!
Missing character: There is no â in font cmr10!
Missing character: There is no € in font cmr10!
Missing character: There is no ™ in font cmr10!
Missing character: There is no ï in font cmr10!
Missing character: There is no ¿ in font cmr10!
Missing character: There is no ½ in font cmr10!
Missing character: There is no Ã in font cmr10!
Missing character: There is no ¶ in font cmr10!
 [59]) [60] (./Final.aux) ) 
Here is how much of TeX's memory you used:
 5423 strings out of 94494
 73583 string characters out of 1176629
 148797 words of memory out of 1000000
 8476 multiletter control sequences out of 10000+50000
 18521 words of font info for 67 fonts, out of 500000 for 2000
 580 hyphenation exceptions out of 1000
 27i,10n,45p,574b,402s stack positions out of 1500i,500n,5000p,200000b,5000s

Output written on Final.dvi (61 pages, 339772 bytes).
